<?xml version="1.0" encoding="UTF-8"?>
<!-- Generated by org.testng.reporters.JUnitXMLReporter -->
<testsuite hostname="WIB-DES-00840" name="Test" tests="16" failures="0" timestamp="7 Feb 2018 07:30:27 GMT" time="233.515" errors="0">
  <testcase name="@BeforeClass initialization" time="0.0" classname="com.wibmo.test.MobileRechargePageTest">
    <failure type="org.openqa.selenium.NoSuchElementException" message="An element could not be located on the page using the given search parameters. (WARNING: The server did not provide any stacktrace information)
Command duration or timeout: 0 milliseconds
For documentation on this error, please visit: http://seleniumhq.org/exceptions/no_such_element.html
Build info: version: &amp;apos;3.7.1&amp;apos;, revision: &amp;apos;8a0099a&amp;apos;, time: &amp;apos;2017-11-06T21:01:39.354Z&amp;apos;
System info: host: &amp;apos;WIB-DES-00840&amp;apos;, ip: &amp;apos;172.31.2.72&amp;apos;, os.name: &amp;apos;Windows 10&amp;apos;, os.arch: &amp;apos;amd64&amp;apos;, os.version: &amp;apos;10.0&amp;apos;, java.version: &amp;apos;1.8.0_101&amp;apos;
Driver info: io.appium.java_client.android.AndroidDriver
Capabilities {BROWSER_NAME: , appActivity: com.enstage.wibmo.main.Main..., appPackage: com.enstage.wibmo.staging.hdfc, browserName: Android, databaseEnabled: false, desired: {BROWSER_NAME: , appActivity: com.enstage.wibmo.main.Main..., appPackage: com.enstage.wibmo.staging.hdfc, deviceName: Cloud Fame 4G, platformName: Android, platformVersion: 6.0}, deviceName: 0123456789ABCDEF, javascriptEnabled: true, locationContextEnabled: false, networkConnectionEnabled: true, platform: LINUX, platformName: LINUX, platformVersion: 6.0, takesScreenshot: true, warnings: {}, webStorageEnabled: false}
Session ID: a97bfd75-5cdb-41b3-8353-a7e7c524e2af
*** Element info: {Using=id, value=image_bill_pay}">
      <![CDATA[org.openqa.selenium.NoSuchElementException: An element could not be located on the page using the given search parameters. (WARNING: The server did not provide any stacktrace information)
Command duration or timeout: 0 milliseconds
For documentation on this error, please visit: http://seleniumhq.org/exceptions/no_such_element.html
Build info: version: '3.7.1', revision: '8a0099a', time: '2017-11-06T21:01:39.354Z'
System info: host: 'WIB-DES-00840', ip: '172.31.2.72', os.name: 'Windows 10', os.arch: 'amd64', os.version: '10.0', java.version: '1.8.0_101'
Driver info: io.appium.java_client.android.AndroidDriver
Capabilities {BROWSER_NAME: , appActivity: com.enstage.wibmo.main.Main..., appPackage: com.enstage.wibmo.staging.hdfc, browserName: Android, databaseEnabled: false, desired: {BROWSER_NAME: , appActivity: com.enstage.wibmo.main.Main..., appPackage: com.enstage.wibmo.staging.hdfc, deviceName: Cloud Fame 4G, platformName: Android, platformVersion: 6.0}, deviceName: 0123456789ABCDEF, javascriptEnabled: true, locationContextEnabled: false, networkConnectionEnabled: true, platform: LINUX, platformName: LINUX, platformVersion: 6.0, takesScreenshot: true, warnings: {}, webStorageEnabled: false}
Session ID: a97bfd75-5cdb-41b3-8353-a7e7c524e2af
*** Element info: {Using=id, value=image_bill_pay}
	at org.openqa.selenium.remote.ErrorHandler.createThrowable(ErrorHandler.java:214)
	at org.openqa.selenium.remote.ErrorHandler.throwIfResponseFailed(ErrorHandler.java:166)
	at org.openqa.selenium.remote.http.JsonHttpResponseCodec.reconstructValue(JsonHttpResponseCodec.java:40)
	at org.openqa.selenium.remote.http.AbstractHttpResponseCodec.decode(AbstractHttpResponseCodec.java:80)
	at org.openqa.selenium.remote.http.AbstractHttpResponseCodec.decode(AbstractHttpResponseCodec.java:44)
	at org.openqa.selenium.remote.HttpCommandExecutor.execute(HttpCommandExecutor.java:164)
	at io.appium.java_client.remote.AppiumCommandExecutor.execute(AppiumCommandExecutor.java:89)
	at org.openqa.selenium.remote.RemoteWebDriver.execute(RemoteWebDriver.java:600)
	at io.appium.java_client.DefaultGenericMobileDriver.execute(DefaultGenericMobileDriver.java:42)
	at io.appium.java_client.AppiumDriver.execute(AppiumDriver.java:1)
	at io.appium.java_client.android.AndroidDriver.execute(AndroidDriver.java:1)
	at org.openqa.selenium.remote.RemoteWebDriver.findElement(RemoteWebDriver.java:370)
	at io.appium.java_client.DefaultGenericMobileDriver.findElement(DefaultGenericMobileDriver.java:62)
	at io.appium.java_client.AppiumDriver.findElement(AppiumDriver.java:1)
	at io.appium.java_client.android.AndroidDriver.findElement(AndroidDriver.java:1)
	at org.openqa.selenium.remote.RemoteWebDriver.findElementById(RemoteWebDriver.java:416)
	at io.appium.java_client.DefaultGenericMobileDriver.findElementById(DefaultGenericMobileDriver.java:70)
	at io.appium.java_client.AppiumDriver.findElementById(AppiumDriver.java:1)
	at io.appium.java_client.android.AndroidDriver.findElementById(AndroidDriver.java:1)
	at org.openqa.selenium.By$ById.findElement(By.java:218)
	at org.openqa.selenium.remote.RemoteWebDriver.findElement(RemoteWebDriver.java:362)
	at io.appium.java_client.DefaultGenericMobileDriver.findElement(DefaultGenericMobileDriver.java:58)
	at io.appium.java_client.AppiumDriver.findElement(AppiumDriver.java:1)
	at io.appium.java_client.android.AndroidDriver.findElement(AndroidDriver.java:1)
	at org.openqa.selenium.support.pagefactory.DefaultElementLocator.findElement(DefaultElementLocator.java:69)
	at org.openqa.selenium.support.pagefactory.internal.LocatingElementHandler.invoke(LocatingElementHandler.java:38)
	at com.sun.proxy.$Proxy10.click(Unknown Source)
	at com.wibmo.page.HomePage.clickOnRechargeIcon(HomePage.java:37)
	at com.wibmo.test.MobileRechargePageTest.initialization(MobileRechargePageTest.java:33)
... Removed 28 stack frames]]>
    </failure>
  </testcase> <!-- @BeforeClass initialization -->
  <testcase name="@AfterClass close" time="0.0" classname="com.wibmo.test.MobileRechargePageTest">
    <skipped/>
  </testcase> <!-- @AfterClass close -->
  <testcase name="@BeforeClass setUp" time="0.0" classname="com.wibmo.test.MobileRechargePayPageTest">
    <skipped/>
  </testcase> <!-- @BeforeClass setUp -->
  <testcase name="@BeforeClass initialization" time="0.0" classname="com.wibmo.test.MobileRechargePayPageTest">
    <skipped/>
  </testcase> <!-- @BeforeClass initialization -->
  <testcase name="@AfterClass close" time="0.0" classname="com.wibmo.test.MobileRechargePayPageTest">
    <skipped/>
  </testcase> <!-- @AfterClass close -->
  <testcase name="enterLoginCredentials" time="25.207" classname="com.wibmo.test.LoginPageTest"/>
  <testcase name="tapOnDashBoard" time="9.278" classname="com.wibmo.test.HomePageTest"/>
  <testcase name="clickOnMobileRecharge" time="5.319" classname="com.wibmo.test.RechargeServicesPageTest"/>
  <testcase name="clickOnMyNumber" time="0.0" classname="com.wibmo.test.MobileRechargePageTest">
    <skipped/>
  </testcase> <!-- clickOnMyNumber -->
  <testcase name="clickOnSelectOperator" time="0.0" classname="com.wibmo.test.MobileRechargePayPageTest">
    <skipped/>
  </testcase> <!-- clickOnSelectOperator -->
  <testcase name="clickOnSelectOperator" time="0.0" classname="com.wibmo.test.MobileRechargePayPageTest">
    <skipped/>
  </testcase> <!-- clickOnSelectOperator -->
  <testcase name="clickOnSelectOperator" time="0.0" classname="com.wibmo.test.MobileRechargePayPageTest">
    <skipped/>
  </testcase> <!-- clickOnSelectOperator -->
  <testcase name="clickOnSelectOperator" time="0.0" classname="com.wibmo.test.MobileRechargePayPageTest">
    <skipped/>
  </testcase> <!-- clickOnSelectOperator -->
  <testcase name="clickOnSelectOperator" time="0.0" classname="com.wibmo.test.MobileRechargePayPageTest">
    <skipped/>
  </testcase> <!-- clickOnSelectOperator -->
  <testcase name="clickOnSelectOperator" time="0.0" classname="com.wibmo.test.MobileRechargePayPageTest">
    <skipped/>
  </testcase> <!-- clickOnSelectOperator -->
  <testcase name="clickOnSelectOperator" time="0.0" classname="com.wibmo.test.MobileRechargePayPageTest">
    <skipped/>
  </testcase> <!-- clickOnSelectOperator -->
  <testcase name="clickOnSelectOperator" time="0.0" classname="com.wibmo.test.MobileRechargePayPageTest">
    <skipped/>
  </testcase> <!-- clickOnSelectOperator -->
  <testcase name="clickOnSelectOperator" time="0.016" classname="com.wibmo.test.MobileRechargePayPageTest">
    <skipped/>
  </testcase> <!-- clickOnSelectOperator -->
  <testcase name="clickOnSelectOperator" time="0.0" classname="com.wibmo.test.MobileRechargePayPageTest">
    <skipped/>
  </testcase> <!-- clickOnSelectOperator -->
  <testcase name="clickOnSelectOperator" time="0.0" classname="com.wibmo.test.MobileRechargePayPageTest">
    <skipped/>
  </testcase> <!-- clickOnSelectOperator -->
  <testcase name="clickOnViewPlans" time="0.0" classname="com.wibmo.test.MobileRechargePayPageTest">
    <skipped/>
  </testcase> <!-- clickOnViewPlans -->
</testsuite> <!-- Test -->
