<?xml version="1.0" encoding="UTF-8"?>
<testng-results skipped="12" failed="1" total="16" passed="3">
  <reporter-output>
  </reporter-output>
  <suite name="Suite" duration-ms="233515" started-at="2018-02-07T07:26:33Z" finished-at="2018-02-07T07:30:27Z">
    <groups>
    </groups>
    <test name="Test" duration-ms="233515" started-at="2018-02-07T07:26:33Z" finished-at="2018-02-07T07:30:27Z">
      <class name="com.wibmo.test.LoginPageTest">
        <test-method status="PASS" signature="setUp()[pri:0, instance:com.wibmo.test.LoginPageTest@5e853265]" name="setUp" is-config="true" duration-ms="18541" started-at="2018-02-07T12:56:33Z" finished-at="2018-02-07T12:56:52Z">
          <reporter-output>
          </reporter-output>
        </test-method> <!-- setUp -->
        <test-method status="PASS" signature="enterLoginCredentials()[pri:0, instance:com.wibmo.test.LoginPageTest@5e853265]" name="enterLoginCredentials" duration-ms="25207" started-at="2018-02-07T12:56:52Z" finished-at="2018-02-07T12:57:17Z">
          <reporter-output>
          </reporter-output>
        </test-method> <!-- enterLoginCredentials -->
        <test-method status="PASS" signature="close()[pri:0, instance:com.wibmo.test.LoginPageTest@5e853265]" name="close" is-config="true" duration-ms="7616" started-at="2018-02-07T12:57:17Z" finished-at="2018-02-07T12:57:25Z">
          <reporter-output>
          </reporter-output>
        </test-method> <!-- close -->
      </class> <!-- com.wibmo.test.LoginPageTest -->
      <class name="com.wibmo.test.MobileRechargePageTest">
        <test-method status="PASS" signature="setUp()[pri:0, instance:com.wibmo.test.MobileRechargePageTest@67205a84]" name="setUp" is-config="true" duration-ms="15830" started-at="2018-02-07T12:59:18Z" finished-at="2018-02-07T12:59:34Z">
          <reporter-output>
          </reporter-output>
        </test-method> <!-- setUp -->
        <test-method status="FAIL" signature="initialization()[pri:0, instance:com.wibmo.test.MobileRechargePageTest@67205a84]" name="initialization" is-config="true" duration-ms="0" started-at="2018-02-07T12:59:34Z" finished-at="2018-02-07T12:59:34Z">
          <exception class="org.openqa.selenium.NoSuchElementException">
            <message>
              <![CDATA[An element could not be located on the page using the given search parameters. (WARNING: The server did not provide any stacktrace information)
Command duration or timeout: 0 milliseconds
For documentation on this error, please visit: http://seleniumhq.org/exceptions/no_such_element.html
Build info: version: '3.7.1', revision: '8a0099a', time: '2017-11-06T21:01:39.354Z'
System info: host: 'WIB-DES-00840', ip: '172.31.2.72', os.name: 'Windows 10', os.arch: 'amd64', os.version: '10.0', java.version: '1.8.0_101'
Driver info: io.appium.java_client.android.AndroidDriver
Capabilities {BROWSER_NAME: , appActivity: com.enstage.wibmo.main.Main..., appPackage: com.enstage.wibmo.staging.hdfc, browserName: Android, databaseEnabled: false, desired: {BROWSER_NAME: , appActivity: com.enstage.wibmo.main.Main..., appPackage: com.enstage.wibmo.staging.hdfc, deviceName: Cloud Fame 4G, platformName: Android, platformVersion: 6.0}, deviceName: 0123456789ABCDEF, javascriptEnabled: true, locationContextEnabled: false, networkConnectionEnabled: true, platform: LINUX, platformName: LINUX, platformVersion: 6.0, takesScreenshot: true, warnings: {}, webStorageEnabled: false}
Session ID: a97bfd75-5cdb-41b3-8353-a7e7c524e2af
*** Element info: {Using=id, value=image_bill_pay}]]>
            </message>
            <full-stacktrace>
              <![CDATA[org.openqa.selenium.NoSuchElementException: An element could not be located on the page using the given search parameters. (WARNING: The server did not provide any stacktrace information)
Command duration or timeout: 0 milliseconds
For documentation on this error, please visit: http://seleniumhq.org/exceptions/no_such_element.html
Build info: version: '3.7.1', revision: '8a0099a', time: '2017-11-06T21:01:39.354Z'
System info: host: 'WIB-DES-00840', ip: '172.31.2.72', os.name: 'Windows 10', os.arch: 'amd64', os.version: '10.0', java.version: '1.8.0_101'
Driver info: io.appium.java_client.android.AndroidDriver
Capabilities {BROWSER_NAME: , appActivity: com.enstage.wibmo.main.Main..., appPackage: com.enstage.wibmo.staging.hdfc, browserName: Android, databaseEnabled: false, desired: {BROWSER_NAME: , appActivity: com.enstage.wibmo.main.Main..., appPackage: com.enstage.wibmo.staging.hdfc, deviceName: Cloud Fame 4G, platformName: Android, platformVersion: 6.0}, deviceName: 0123456789ABCDEF, javascriptEnabled: true, locationContextEnabled: false, networkConnectionEnabled: true, platform: LINUX, platformName: LINUX, platformVersion: 6.0, takesScreenshot: true, warnings: {}, webStorageEnabled: false}
Session ID: a97bfd75-5cdb-41b3-8353-a7e7c524e2af
*** Element info: {Using=id, value=image_bill_pay}
	at sun.reflect.NativeConstructorAccessorImpl.newInstance0(Native Method)
	at sun.reflect.NativeConstructorAccessorImpl.newInstance(Unknown Source)
	at sun.reflect.DelegatingConstructorAccessorImpl.newInstance(Unknown Source)
	at java.lang.reflect.Constructor.newInstance(Unknown Source)
	at org.openqa.selenium.remote.ErrorHandler.createThrowable(ErrorHandler.java:214)
	at org.openqa.selenium.remote.ErrorHandler.throwIfResponseFailed(ErrorHandler.java:166)
	at org.openqa.selenium.remote.http.JsonHttpResponseCodec.reconstructValue(JsonHttpResponseCodec.java:40)
	at org.openqa.selenium.remote.http.AbstractHttpResponseCodec.decode(AbstractHttpResponseCodec.java:80)
	at org.openqa.selenium.remote.http.AbstractHttpResponseCodec.decode(AbstractHttpResponseCodec.java:44)
	at org.openqa.selenium.remote.HttpCommandExecutor.execute(HttpCommandExecutor.java:164)
	at io.appium.java_client.remote.AppiumCommandExecutor.execute(AppiumCommandExecutor.java:89)
	at org.openqa.selenium.remote.RemoteWebDriver.execute(RemoteWebDriver.java:600)
	at io.appium.java_client.DefaultGenericMobileDriver.execute(DefaultGenericMobileDriver.java:42)
	at io.appium.java_client.AppiumDriver.execute(AppiumDriver.java:1)
	at io.appium.java_client.android.AndroidDriver.execute(AndroidDriver.java:1)
	at org.openqa.selenium.remote.RemoteWebDriver.findElement(RemoteWebDriver.java:370)
	at io.appium.java_client.DefaultGenericMobileDriver.findElement(DefaultGenericMobileDriver.java:62)
	at io.appium.java_client.AppiumDriver.findElement(AppiumDriver.java:1)
	at io.appium.java_client.android.AndroidDriver.findElement(AndroidDriver.java:1)
	at org.openqa.selenium.remote.RemoteWebDriver.findElementById(RemoteWebDriver.java:416)
	at io.appium.java_client.DefaultGenericMobileDriver.findElementById(DefaultGenericMobileDriver.java:70)
	at io.appium.java_client.AppiumDriver.findElementById(AppiumDriver.java:1)
	at io.appium.java_client.android.AndroidDriver.findElementById(AndroidDriver.java:1)
	at org.openqa.selenium.By$ById.findElement(By.java:218)
	at org.openqa.selenium.remote.RemoteWebDriver.findElement(RemoteWebDriver.java:362)
	at io.appium.java_client.DefaultGenericMobileDriver.findElement(DefaultGenericMobileDriver.java:58)
	at io.appium.java_client.AppiumDriver.findElement(AppiumDriver.java:1)
	at io.appium.java_client.android.AndroidDriver.findElement(AndroidDriver.java:1)
	at org.openqa.selenium.support.pagefactory.DefaultElementLocator.findElement(DefaultElementLocator.java:69)
	at org.openqa.selenium.support.pagefactory.internal.LocatingElementHandler.invoke(LocatingElementHandler.java:38)
	at com.sun.proxy.$Proxy10.click(Unknown Source)
	at com.wibmo.page.HomePage.clickOnRechargeIcon(HomePage.java:37)
	at com.wibmo.test.MobileRechargePageTest.initialization(MobileRechargePageTest.java:33)
	at sun.reflect.NativeMethodAccessorImpl.invoke0(Native Method)
	at sun.reflect.NativeMethodAccessorImpl.invoke(Unknown Source)
	at sun.reflect.DelegatingMethodAccessorImpl.invoke(Unknown Source)
	at java.lang.reflect.Method.invoke(Unknown Source)
	at org.testng.internal.MethodInvocationHelper.invokeMethod(MethodInvocationHelper.java:80)
	at org.testng.internal.Invoker.invokeConfigurationMethod(Invoker.java:564)
	at org.testng.internal.Invoker.invokeConfigurations(Invoker.java:213)
	at org.testng.internal.Invoker.invokeConfigurations(Invoker.java:138)
	at org.testng.internal.TestMethodWorker.invokeBeforeClassMethods(TestMethodWorker.java:175)
	at org.testng.internal.TestMethodWorker.run(TestMethodWorker.java:107)
	at org.testng.TestRunner.privateRun(TestRunner.java:767)
	at org.testng.TestRunner.run(TestRunner.java:617)
	at org.testng.SuiteRunner.runTest(SuiteRunner.java:334)
	at org.testng.SuiteRunner.runSequentially(SuiteRunner.java:329)
	at org.testng.SuiteRunner.privateRun(SuiteRunner.java:291)
	at org.testng.SuiteRunner.run(SuiteRunner.java:240)
	at org.testng.SuiteRunnerWorker.runSuite(SuiteRunnerWorker.java:52)
	at org.testng.SuiteRunnerWorker.run(SuiteRunnerWorker.java:86)
	at org.testng.TestNG.runSuitesSequentially(TestNG.java:1198)
	at org.testng.TestNG.runSuitesLocally(TestNG.java:1123)
	at org.testng.TestNG.run(TestNG.java:1031)
	at org.testng.remote.AbstractRemoteTestNG.run(AbstractRemoteTestNG.java:114)
	at org.testng.remote.RemoteTestNG.initAndRun(RemoteTestNG.java:251)
	at org.testng.remote.RemoteTestNG.main(RemoteTestNG.java:77)
]]>
            </full-stacktrace>
          </exception> <!-- org.openqa.selenium.NoSuchElementException -->
          <reporter-output>
          </reporter-output>
        </test-method> <!-- initialization -->
        <test-method status="SKIP" signature="close()[pri:0, instance:com.wibmo.test.MobileRechargePageTest@67205a84]" name="close" is-config="true" duration-ms="0" started-at="2018-02-07T13:00:27Z" finished-at="2018-02-07T13:00:27Z">
          <reporter-output>
          </reporter-output>
        </test-method> <!-- close -->
        <test-method status="SKIP" signature="clickOnMyNumber()[pri:0, instance:com.wibmo.test.MobileRechargePageTest@67205a84]" name="clickOnMyNumber" duration-ms="0" started-at="2018-02-07T13:00:27Z" finished-at="2018-02-07T13:00:27Z">
          <reporter-output>
          </reporter-output>
        </test-method> <!-- clickOnMyNumber -->
      </class> <!-- com.wibmo.test.MobileRechargePageTest -->
      <class name="com.wibmo.test.RechargeServicesPageTest">
        <test-method status="PASS" signature="setUp()[pri:0, instance:com.wibmo.test.RechargeServicesPageTest@6321e813]" name="setUp" is-config="true" duration-ms="16647" started-at="2018-02-07T12:58:19Z" finished-at="2018-02-07T12:58:36Z">
          <reporter-output>
          </reporter-output>
        </test-method> <!-- setUp -->
        <test-method status="PASS" signature="initialization()[pri:0, instance:com.wibmo.test.RechargeServicesPageTest@6321e813]" name="initialization" is-config="true" duration-ms="30180" started-at="2018-02-07T12:58:36Z" finished-at="2018-02-07T12:59:06Z">
          <reporter-output>
          </reporter-output>
        </test-method> <!-- initialization -->
        <test-method status="PASS" signature="clickOnMobileRecharge()[pri:0, instance:com.wibmo.test.RechargeServicesPageTest@6321e813]" name="clickOnMobileRecharge" duration-ms="5319" started-at="2018-02-07T12:59:06Z" finished-at="2018-02-07T12:59:11Z">
          <reporter-output>
          </reporter-output>
        </test-method> <!-- clickOnMobileRecharge -->
        <test-method status="PASS" signature="close()[pri:0, instance:com.wibmo.test.RechargeServicesPageTest@6321e813]" name="close" is-config="true" duration-ms="7275" started-at="2018-02-07T12:59:11Z" finished-at="2018-02-07T12:59:18Z">
          <reporter-output>
          </reporter-output>
        </test-method> <!-- close -->
      </class> <!-- com.wibmo.test.RechargeServicesPageTest -->
      <class name="com.wibmo.test.MobileRechargePayPageTest">
        <test-method status="SKIP" signature="initialization()[pri:0, instance:com.wibmo.test.MobileRechargePayPageTest@5a8806ef]" name="initialization" is-config="true" duration-ms="0" started-at="2018-02-07T13:00:27Z" finished-at="2018-02-07T13:00:27Z">
          <reporter-output>
          </reporter-output>
        </test-method> <!-- initialization -->
        <test-method status="SKIP" signature="setUp()[pri:0, instance:com.wibmo.test.MobileRechargePayPageTest@5a8806ef]" name="setUp" is-config="true" duration-ms="0" started-at="2018-02-07T13:00:27Z" finished-at="2018-02-07T13:00:27Z">
          <reporter-output>
          </reporter-output>
        </test-method> <!-- setUp -->
        <test-method status="SKIP" signature="clickOnSelectOperator(java.lang.String)[pri:0, instance:com.wibmo.test.MobileRechargePayPageTest@5a8806ef]" name="clickOnSelectOperator" duration-ms="0" started-at="2018-02-07T13:00:27Z" data-provider="getOperatorTestData" finished-at="2018-02-07T13:00:27Z">
          <params>
            <param index="0">
              <value>
                <![CDATA[Vodafone]]>
              </value>
            </param>
          </params>
          <reporter-output>
          </reporter-output>
        </test-method> <!-- clickOnSelectOperator -->
        <test-method status="SKIP" signature="clickOnSelectOperator(java.lang.String)[pri:0, instance:com.wibmo.test.MobileRechargePayPageTest@5a8806ef]" name="clickOnSelectOperator" duration-ms="0" started-at="2018-02-07T13:00:27Z" data-provider="getOperatorTestData" finished-at="2018-02-07T13:00:27Z">
          <params>
            <param index="0">
              <value>
                <![CDATA[MTNL]]>
              </value>
            </param>
          </params>
          <reporter-output>
          </reporter-output>
        </test-method> <!-- clickOnSelectOperator -->
        <test-method status="SKIP" signature="clickOnSelectOperator(java.lang.String)[pri:0, instance:com.wibmo.test.MobileRechargePayPageTest@5a8806ef]" name="clickOnSelectOperator" duration-ms="0" started-at="2018-02-07T13:00:27Z" data-provider="getOperatorTestData" finished-at="2018-02-07T13:00:27Z">
          <params>
            <param index="0">
              <value>
                <![CDATA[Uninor]]>
              </value>
            </param>
          </params>
          <reporter-output>
          </reporter-output>
        </test-method> <!-- clickOnSelectOperator -->
        <test-method status="SKIP" signature="clickOnSelectOperator(java.lang.String)[pri:0, instance:com.wibmo.test.MobileRechargePayPageTest@5a8806ef]" name="clickOnSelectOperator" duration-ms="0" started-at="2018-02-07T13:00:27Z" data-provider="getOperatorTestData" finished-at="2018-02-07T13:00:27Z">
          <params>
            <param index="0">
              <value>
                <![CDATA[Videocon]]>
              </value>
            </param>
          </params>
          <reporter-output>
          </reporter-output>
        </test-method> <!-- clickOnSelectOperator -->
        <test-method status="SKIP" signature="clickOnSelectOperator(java.lang.String)[pri:0, instance:com.wibmo.test.MobileRechargePayPageTest@5a8806ef]" name="clickOnSelectOperator" duration-ms="0" started-at="2018-02-07T13:00:27Z" data-provider="getOperatorTestData" finished-at="2018-02-07T13:00:27Z">
          <params>
            <param index="0">
              <value>
                <![CDATA[Airtel]]>
              </value>
            </param>
          </params>
          <reporter-output>
          </reporter-output>
        </test-method> <!-- clickOnSelectOperator -->
        <test-method status="SKIP" signature="clickOnSelectOperator(java.lang.String)[pri:0, instance:com.wibmo.test.MobileRechargePayPageTest@5a8806ef]" name="clickOnSelectOperator" duration-ms="0" started-at="2018-02-07T13:00:27Z" data-provider="getOperatorTestData" finished-at="2018-02-07T13:00:27Z">
          <params>
            <param index="0">
              <value>
                <![CDATA[Tata indicom]]>
              </value>
            </param>
          </params>
          <reporter-output>
          </reporter-output>
        </test-method> <!-- clickOnSelectOperator -->
        <test-method status="SKIP" signature="clickOnSelectOperator(java.lang.String)[pri:0, instance:com.wibmo.test.MobileRechargePayPageTest@5a8806ef]" name="clickOnSelectOperator" duration-ms="0" started-at="2018-02-07T13:00:27Z" data-provider="getOperatorTestData" finished-at="2018-02-07T13:00:27Z">
          <params>
            <param index="0">
              <value>
                <![CDATA[BSNL]]>
              </value>
            </param>
          </params>
          <reporter-output>
          </reporter-output>
        </test-method> <!-- clickOnSelectOperator -->
        <test-method status="SKIP" signature="clickOnSelectOperator(java.lang.String)[pri:0, instance:com.wibmo.test.MobileRechargePayPageTest@5a8806ef]" name="clickOnSelectOperator" duration-ms="0" started-at="2018-02-07T13:00:27Z" data-provider="getOperatorTestData" finished-at="2018-02-07T13:00:27Z">
          <params>
            <param index="0">
              <value>
                <![CDATA[Tata Docomo]]>
              </value>
            </param>
          </params>
          <reporter-output>
          </reporter-output>
        </test-method> <!-- clickOnSelectOperator -->
        <test-method status="SKIP" signature="clickOnSelectOperator(java.lang.String)[pri:0, instance:com.wibmo.test.MobileRechargePayPageTest@5a8806ef]" name="clickOnSelectOperator" duration-ms="16" started-at="2018-02-07T13:00:27Z" data-provider="getOperatorTestData" finished-at="2018-02-07T13:00:27Z">
          <params>
            <param index="0">
              <value>
                <![CDATA[Idea]]>
              </value>
            </param>
          </params>
          <reporter-output>
          </reporter-output>
        </test-method> <!-- clickOnSelectOperator -->
        <test-method status="SKIP" signature="clickOnSelectOperator(java.lang.String)[pri:0, instance:com.wibmo.test.MobileRechargePayPageTest@5a8806ef]" name="clickOnSelectOperator" duration-ms="0" started-at="2018-02-07T13:00:27Z" data-provider="getOperatorTestData" finished-at="2018-02-07T13:00:27Z">
          <params>
            <param index="0">
              <value>
                <![CDATA[Jio]]>
              </value>
            </param>
          </params>
          <reporter-output>
          </reporter-output>
        </test-method> <!-- clickOnSelectOperator -->
        <test-method status="FAIL" signature="clickOnViewPlans(java.lang.String)[pri:0, instance:com.wibmo.test.MobileRechargePayPageTest@5a8806ef]" name="clickOnViewPlans" duration-ms="0" started-at="2018-02-07T13:00:27Z" finished-at="2018-02-07T13:00:27Z">
          <exception class="org.testng.TestNGException">
            <message>
              <![CDATA[
Method clickOnViewPlans requires 1 parameters but 0 were supplied in the @Test annotation.]]>
            </message>
            <full-stacktrace>
              <![CDATA[org.testng.TestNGException: 
Method clickOnViewPlans requires 1 parameters but 0 were supplied in the @Test annotation.
	at org.testng.internal.Parameters.checkParameterTypes(Parameters.java:198)
	at org.testng.internal.Parameters.createParameters(Parameters.java:134)
	at org.testng.internal.Parameters.createParameters(Parameters.java:370)
	at org.testng.internal.Parameters.handleParameters(Parameters.java:447)
	at org.testng.internal.Invoker.handleParameters(Invoker.java:1383)
	at org.testng.internal.Invoker.createParameters(Invoker.java:1075)
	at org.testng.internal.Invoker.invokeTestMethods(Invoker.java:1180)
	at org.testng.internal.TestMethodWorker.invokeTestMethods(TestMethodWorker.java:127)
	at org.testng.internal.TestMethodWorker.run(TestMethodWorker.java:111)
	at org.testng.TestRunner.privateRun(TestRunner.java:767)
	at org.testng.TestRunner.run(TestRunner.java:617)
	at org.testng.SuiteRunner.runTest(SuiteRunner.java:334)
	at org.testng.SuiteRunner.runSequentially(SuiteRunner.java:329)
	at org.testng.SuiteRunner.privateRun(SuiteRunner.java:291)
	at org.testng.SuiteRunner.run(SuiteRunner.java:240)
	at org.testng.SuiteRunnerWorker.runSuite(SuiteRunnerWorker.java:52)
	at org.testng.SuiteRunnerWorker.run(SuiteRunnerWorker.java:86)
	at org.testng.TestNG.runSuitesSequentially(TestNG.java:1198)
	at org.testng.TestNG.runSuitesLocally(TestNG.java:1123)
	at org.testng.TestNG.run(TestNG.java:1031)
	at org.testng.remote.AbstractRemoteTestNG.run(AbstractRemoteTestNG.java:114)
	at org.testng.remote.RemoteTestNG.initAndRun(RemoteTestNG.java:251)
	at org.testng.remote.RemoteTestNG.main(RemoteTestNG.java:77)
]]>
            </full-stacktrace>
          </exception> <!-- org.testng.TestNGException -->
          <reporter-output>
          </reporter-output>
        </test-method> <!-- clickOnViewPlans -->
        <test-method status="SKIP" signature="close()[pri:0, instance:com.wibmo.test.MobileRechargePayPageTest@5a8806ef]" name="close" is-config="true" duration-ms="0" started-at="2018-02-07T13:00:27Z" finished-at="2018-02-07T13:00:27Z">
          <reporter-output>
          </reporter-output>
        </test-method> <!-- close -->
        <test-method status="SKIP" signature="clickOnSelectOperator(java.lang.String)[pri:0, instance:com.wibmo.test.MobileRechargePayPageTest@5a8806ef]" name="clickOnSelectOperator" duration-ms="0" started-at="2018-02-07T13:00:27Z" data-provider="getOperatorTestData" finished-at="2018-02-07T13:00:27Z">
          <params>
            <param index="0">
              <value>
                <![CDATA[Aircel]]>
              </value>
            </param>
          </params>
          <reporter-output>
          </reporter-output>
        </test-method> <!-- clickOnSelectOperator -->
      </class> <!-- com.wibmo.test.MobileRechargePayPageTest -->
      <class name="com.wibmo.test.HomePageTest">
        <test-method status="PASS" signature="setUp()[pri:0, instance:com.wibmo.test.HomePageTest@6c49835d]" name="setUp" is-config="true" duration-ms="16049" started-at="2018-02-07T12:57:25Z" finished-at="2018-02-07T12:57:41Z">
          <reporter-output>
          </reporter-output>
        </test-method> <!-- setUp -->
        <test-method status="PASS" signature="initialization()[pri:0, instance:com.wibmo.test.HomePageTest@6c49835d]" name="initialization" is-config="true" duration-ms="21381" started-at="2018-02-07T12:57:41Z" finished-at="2018-02-07T12:58:02Z">
          <reporter-output>
          </reporter-output>
        </test-method> <!-- initialization -->
        <test-method status="PASS" signature="tapOnDashBoard()[pri:0, instance:com.wibmo.test.HomePageTest@6c49835d]" name="tapOnDashBoard" duration-ms="9278" started-at="2018-02-07T12:58:02Z" finished-at="2018-02-07T12:58:11Z">
          <reporter-output>
          </reporter-output>
        </test-method> <!-- tapOnDashBoard -->
        <test-method status="PASS" signature="close()[pri:0, instance:com.wibmo.test.HomePageTest@6c49835d]" name="close" is-config="true" duration-ms="7450" started-at="2018-02-07T12:58:11Z" finished-at="2018-02-07T12:58:19Z">
          <reporter-output>
          </reporter-output>
        </test-method> <!-- close -->
      </class> <!-- com.wibmo.test.HomePageTest -->
    </test> <!-- Test -->
  </suite> <!-- Suite -->
</testng-results>
